<?xml version="1.0" encoding="UTF-8"?>
<!-- Generated by org.testng.reporters.JUnitXMLReporter -->
<testsuite ignored="0" hostname="IBM-CZLPQW3" failures="2" tests="2" name="Surefire test" time="7.45" errors="0" timestamp="2025-07-25T12:50:17 CDT">
  <testcase classname="io.cucumber.testng.AbstractTestNGCucumberTests" name="runScenario" time="3.643">
    <failure type="io.cucumber.java.PendingException" message="TODO: implement me">
      <![CDATA[io.cucumber.java.PendingException: TODO: implement me
at com.uiplayground.automation.steps.HomePageSteps.i_navigate_to_the_homepage(HomePageSteps.java:19)
at ✽.I navigate to the homepage(file:///C:/Development/Projects/Portfolio%20Projects/qa-automation-playground/qa-playground/src/test/resources/features/homepage.feature:8)
]]>
    </failure>
  </testcase> <!-- runScenario -->
  <testcase classname="io.cucumber.testng.AbstractTestNGCucumberTests" name="runScenario" time="2.264">
    <failure type="io.cucumber.java.PendingException" message="TODO: implement me">
      <![CDATA[io.cucumber.java.PendingException: TODO: implement me
at com.uiplayground.automation.steps.HomePageSteps.i_navigate_to_the_homepage(HomePageSteps.java:19)
at ✽.I navigate to the homepage(file:///C:/Development/Projects/Portfolio%20Projects/qa-automation-playground/qa-playground/src/test/resources/features/homepage.feature:15)
]]>
    </failure>
  </testcase> <!-- runScenario -->
</testsuite> <!-- Surefire test -->
